#
# There is insufficient memory for the Java Runtime Environment to continue.
# Native memory allocation (malloc) failed to allocate 136552 bytes. Error detail: Chunk::new
# Possible reasons:
#   The system is out of physical RAM or swap space
#   This process is running with CompressedOops enabled, and the Java Heap may be blocking the growth of the native heap
# Possible solutions:
#   Reduce memory load on the system
#   Increase physical memory or swap space
#   Check if swap backing store is full
#   Decrease Java heap size (-Xmx/-Xms)
#   Decrease number of Java threads
#   Decrease Java thread stack sizes (-Xss)
#   Set larger code cache with -XX:ReservedCodeCacheSize=
#   JVM is running with Unscaled Compressed Oops mode in which the Java heap is
#     placed in the first 4GB address space. The Java Heap base address is the
#     maximum limit for the native heap growth. Please use -XX:HeapBaseMinAddress
#     to set the Java Heap base and to place the Java Heap above 4GB virtual address.
# This output file may be truncated or incomplete.
#
#  Out of Memory Error (arena.cpp:186), pid=16772, tid=13092
#
# JRE version: Java(TM) SE Runtime Environment (25.0.1+8) (build 25.0.1+8-LTS-27)
# Java VM: Java HotSpot(TM) 64-Bit Server VM (25.0.1+8-LTS-27, mixed mode, sharing, tiered, compressed oops, compressed class ptrs, g1 gc, windows-amd64)
# No core dump will be written. Minidumps are not enabled by default on client versions of Windows
#

---------------  S U M M A R Y ------------

Command Line: -javaagent:C:\Program Files\JetBrains\IntelliJ IDEA Community Edition 2025.1.7\lib\idea_rt.jar=65298 -Dfile.encoding=UTF-8 -Dsun.stdout.encoding=UTF-8 -Dsun.stderr.encoding=UTF-8 com.naman.spring.taskmanager.TeamTaskManager.backend.TeamTaskManagerApplication

Host: Intel(R) Core(TM) i5-4210U CPU @ 1.70GHz, 4 cores, 7G,  Windows 10 , 64 bit Build 19041 (10.0.19041.5915)
Time: Sun May  3 18:33:58 2026 India Standard Time elapsed time: 113.424917 seconds (0d 0h 1m 53s)

---------------  T H R E A D  ---------------

Current thread (0x00000249e9a56200):  JavaThread "C2 CompilerThread0" daemon [_thread_in_native, id=13092, stack(0x000000f34fb00000,0x000000f34fc00000) (1024K)]


Current CompileTask:
C2:113425 6699       4       java.lang.ClassLoader::defineClass (43 bytes)

Stack: [0x000000f34fb00000,0x000000f34fc00000]
Native frames: (J=compiled Java code, j=interpreted, Vv=VM code, C=native code)
V  [jvm.dll+0x7a6b59]  (no source info available)
V  [jvm.dll+0x77290d]  (no source info available)
V  [jvm.dll+0x966153]  (no source info available)
V  [jvm.dll+0x968751]  (no source info available)
V  [jvm.dll+0x968e53]  (no source info available)
V  [jvm.dll+0x2fc756]  (no source info available)
V  [jvm.dll+0x111b26]  (no source info available)
V  [jvm.dll+0x111e4e]  (no source info available)
V  [jvm.dll+0x452467]  (no source info available)
V  [jvm.dll+0x254516]  (no source info available)
V  [jvm.dll+0x2c093c]  (no source info available)
V  [jvm.dll+0x2bfa8f]  (no source info available)
V  [jvm.dll+0x237b60]  (no source info available)
V  [jvm.dll+0x2cfb56]  (no source info available)
V  [jvm.dll+0x2cddd5]  (no source info available)
V  [jvm.dll+0x48e6d1]  (no source info available)
V  [jvm.dll+0x906a0d]  (no source info available)
V  [jvm.dll+0x7a5135]  (no source info available)
C  [ucrtbase.dll+0x21bb2]  (no source info available)
C  [KERNEL32.DLL+0x17374]  (no source info available)
C  [ntdll.dll+0x4cc91]  (no source info available)

Lock stack of current Java thread (top to bottom):


---------------  P R O C E S S  ---------------

Threads class SMR info:
_java_thread_list=0x00000249f0eead00, length=29, elements={
0x00000249e9a45e10, 0x00000249e9a46ca0, 0x00000249e9a4a430, 0x00000249e9a50820,
0x00000249e9a51730, 0x00000249e9a54300, 0x00000249e9a56200, 0x00000249e9a5d240,
0x00000249e9a4ef70, 0x00000249e9c8dd90, 0x00000249e9c8e560, 0x00000249f1268870,
0x00000249f126de60, 0x00000249f126bf20, 0x00000249f126cec0, 0x00000249f12678d0,
0x00000249f126af80, 0x00000249f126b750, 0x00000249e9c8f500, 0x00000249e9c93380,
0x00000249efe16ce0, 0x00000249efe1caa0, 0x00000249efe18450, 0x00000249efe193f0,
0x00000249efe174b0, 0x00000249efe1c2d0, 0x00000249efe1b330, 0x00000249efe1bb00,
0x00000249f21ee8c0
}

Java Threads: ( => current thread )
  0x00000249e9a45e10 JavaThread "Reference Handler"          daemon [_thread_blocked, id=13584, stack(0x000000f34f500000,0x000000f34f600000) (1024K)]
  0x00000249e9a46ca0 JavaThread "Finalizer"                  daemon [_thread_blocked, id=564, stack(0x000000f34f600000,0x000000f34f700000) (1024K)]
  0x00000249e9a4a430 JavaThread "Signal Dispatcher"          daemon [_thread_blocked, id=14732, stack(0x000000f34f700000,0x000000f34f800000) (1024K)]
  0x00000249e9a50820 JavaThread "Attach Listener"            daemon [_thread_blocked, id=9144, stack(0x000000f34f800000,0x000000f34f900000) (1024K)]
  0x00000249e9a51730 JavaThread "Service Thread"             daemon [_thread_blocked, id=13160, stack(0x000000f34f900000,0x000000f34fa00000) (1024K)]
  0x00000249e9a54300 JavaThread "Monitor Deflation Thread"   daemon [_thread_blocked, id=7592, stack(0x000000f34fa00000,0x000000f34fb00000) (1024K)]
=>0x00000249e9a56200 JavaThread "C2 CompilerThread0"         daemon [_thread_in_native, id=13092, stack(0x000000f34fb00000,0x000000f34fc00000) (1024K)]
  0x00000249e9a5d240 JavaThread "C1 CompilerThread0"         daemon [_thread_blocked, id=16416, stack(0x000000f34fc00000,0x000000f34fd00000) (1024K)]
  0x00000249e9a4ef70 JavaThread "Common-Cleaner"             daemon [_thread_blocked, id=12588, stack(0x000000f34fd00000,0x000000f34fe00000) (1024K)]
  0x00000249e9c8dd90 JavaThread "Monitor Ctrl-Break"         daemon [_thread_in_native, id=8768, stack(0x000000f34ff00000,0x000000f350000000) (1024K)]
  0x00000249e9c8e560 JavaThread "Notification Thread"        daemon [_thread_blocked, id=12876, stack(0x000000f350000000,0x000000f350100000) (1024K)]
  0x00000249f1268870 JavaThread "Catalina-utility-1"                [_thread_blocked, id=5736, stack(0x000000f350400000,0x000000f350500000) (1024K)]
  0x00000249f126de60 JavaThread "Catalina-utility-2"                [_thread_blocked, id=7272, stack(0x000000f350500000,0x000000f350600000) (1024K)]
  0x00000249f126bf20 JavaThread "container-0"                       [_thread_blocked, id=11160, stack(0x000000f350600000,0x000000f350700000) (1024K)]
  0x00000249f126cec0 JavaThread "Cleaner-0"                  daemon [_thread_blocked, id=1568, stack(0x000000f350800000,0x000000f350900000) (1024K)]
  0x00000249f12678d0 JavaThread "HikariPool-1:housekeeper"   daemon [_thread_blocked, id=10432, stack(0x000000f350900000,0x000000f350a00000) (1024K)]
  0x00000249f126af80 JavaThread "http-nio-8081-exec-1"       daemon [_thread_in_vm, id=15008, stack(0x000000f350b00000,0x000000f350c00000) (1024K)]
  0x00000249f126b750 JavaThread "http-nio-8081-exec-2"       daemon [_thread_blocked, id=17828, stack(0x000000f350c00000,0x000000f350d00000) (1024K)]
  0x00000249e9c8f500 JavaThread "http-nio-8081-exec-3"       daemon [_thread_blocked, id=14784, stack(0x000000f350d00000,0x000000f350e00000) (1024K)]
  0x00000249e9c93380 JavaThread "http-nio-8081-exec-4"       daemon [_thread_blocked, id=1620, stack(0x000000f350e00000,0x000000f350f00000) (1024K)]
  0x00000249efe16ce0 JavaThread "http-nio-8081-exec-5"       daemon [_thread_blocked, id=17764, stack(0x000000f350f00000,0x000000f351000000) (1024K)]
  0x00000249efe1caa0 JavaThread "http-nio-8081-exec-6"       daemon [_thread_blocked, id=2536, stack(0x000000f351000000,0x000000f351100000) (1024K)]
  0x00000249efe18450 JavaThread "http-nio-8081-exec-7"       daemon [_thread_blocked, id=18140, stack(0x000000f351100000,0x000000f351200000) (1024K)]
  0x00000249efe193f0 JavaThread "http-nio-8081-exec-8"       daemon [_thread_blocked, id=6364, stack(0x000000f351200000,0x000000f351300000) (1024K)]
  0x00000249efe174b0 JavaThread "http-nio-8081-exec-9"       daemon [_thread_blocked, id=9408, stack(0x000000f351300000,0x000000f351400000) (1024K)]
  0x00000249efe1c2d0 JavaThread "http-nio-8081-exec-10"      daemon [_thread_blocked, id=12332, stack(0x000000f351400000,0x000000f351500000) (1024K)]
  0x00000249efe1b330 JavaThread "http-nio-8081-Poller"       daemon [_thread_in_native, id=8660, stack(0x000000f351500000,0x000000f351600000) (1024K)]
  0x00000249efe1bb00 JavaThread "http-nio-8081-Acceptor"     daemon [_thread_in_native, id=17412, stack(0x000000f351600000,0x000000f351700000) (1024K)]
  0x00000249f21ee8c0 JavaThread "DestroyJavaVM"                     [_thread_blocked, id=16996, stack(0x000000f34ed00000,0x000000f34ee00000) (1024K)]
Total: 29

Other Threads:
  0x00000249cd7d68f0 VMThread "VM Thread"                           [id=15988, stack(0x000000f34f400000,0x000000f34f500000) (1024K)]
  0x00000249cd7cc6b0 WatcherThread "VM Periodic Task Thread"        [id=12860, stack(0x000000f34f300000,0x000000f34f400000) (1024K)]
  0x00000249cd76ee20 WorkerThread "GC Thread#0"                     [id=16428, stack(0x000000f34ee00000,0x000000f34ef00000) (1024K)]
  0x00000249ee9d3e40 WorkerThread "GC Thread#1"                     [id=17672, stack(0x000000f34fe00000,0x000000f34ff00000) (1024K)]
  0x00000249ee9c90f0 WorkerThread "GC Thread#2"                     [id=17560, stack(0x000000f350100000,0x000000f350200000) (1024K)]
  0x00000249ee9c9520 WorkerThread "GC Thread#3"                     [id=13932, stack(0x000000f350200000,0x000000f350300000) (1024K)]
  0x00000249cd788580 ConcurrentGCThread "G1 Main Marker"            [id=5072, stack(0x000000f34ef00000,0x000000f34f000000) (1024K)]
  0x00000249cd789a40 WorkerThread "G1 Conc#0"                       [id=15700, stack(0x000000f34f000000,0x000000f34f100000) (1024K)]
  0x00000249cd7b9930 ConcurrentGCThread "G1 Refine#0"               [id=4040, stack(0x000000f34f100000,0x000000f34f200000) (1024K)]
  0x00000249cd7bc350 ConcurrentGCThread "G1 Service"                [id=14184, stack(0x000000f34f200000,0x000000f34f300000) (1024K)]
Total: 10

Threads with active compile tasks:
C2 CompilerThread0  113662 6699       4       java.lang.ClassLoader::defineClass (43 bytes)
C1 CompilerThread0  113662 6719       3       sun.reflect.generics.parser.SignatureParser::parseClassSig (10 bytes)
Total: 2

VM state: not at safepoint (normal execution)

VM Mutex/Monitor currently owned by a thread:  ([mutex/lock_event])
[0x00007ffbf0bc92e8] CodeCache_lock - owner thread: 0x0000000000000000

Heap address: 0x0000000089000000, size: 1904 MB, Compressed Oops mode: 32-bit

CDS archive(s) mapped at: [0x0000000039000000-0x0000000039dd0000-0x0000000039dd0000), size 14483456, SharedBaseAddress: 0x0000000039000000, ArchiveRelocationMode: 1.
Compressed class space mapped at: 0x000000003a000000-0x000000007a000000, reserved size: 1073741824
UseCompressedClassPointers 1, UseCompactObjectHeaders 0
Narrow klass pointer bits 32, Max shift 3
Narrow klass base: 0x0000000039000000, Narrow klass shift: 0
Encoding Range: [0x0000000039000000 - 0x0000000139000000), (4294967296 bytes)
Klass Range:    [0x0000000039010000 - 0x000000007a000000), (1090453504 bytes)
Klass ID Range:  [65536 - 1090519033) (1090453497)
Protection zone: [0x0000000039000000 - 0x0000000039010000), (65536 bytes)

GC Precious Log:
 CardTable entry size: 512
 Card Set container configuration: InlinePtr #cards 5 size 8 Array Of Cards #cards 10 size 36 Howl #buckets 4 coarsen threshold 1843 Howl Bitmap #cards 512 size 80 coarsen threshold 460 Card regions per heap region 1 cards per card region 2048
 CPUs: 4 total, 4 available
 Memory: 7609M
 Large Page Support: Disabled
 NUMA Support: Disabled
 Compressed Oops: Enabled (32-bit)
 Heap Region Size: 1M
 Heap Min Capacity: 8M
 Heap Initial Capacity: 120M
 Heap Max Capacity: 1904M
 Pre-touch: Disabled
 Parallel Workers: 4
 Concurrent Workers: 1
 Concurrent Refinement Workers: 4
 Periodic GC: Disabled

Heap:
 garbage-first heap   total reserved 1949696K, committed 58368K, used 32460K [0x0000000089000000, 0x0000000100000000)
  region size 1024K, 4 young (4096K), 2 survivors (2048K)

Heap Regions: E=young(eden), S=young(survivor), O=old, HS=humongous(starts), HC=humongous(continues), CS=collection set, F=free, TAMS=top-at-mark-start, PB=parsable bottom
|   0|0x0000000089000000, 0x0000000089100000, 0x0000000089100000|100%|HS|  |TAMS 0x0000000089000000| PB 0x0000000089000000| Complete |  0
|   1|0x0000000089100000, 0x0000000089200000, 0x0000000089200000|100%|HS|  |TAMS 0x0000000089100000| PB 0x0000000089100000| Complete |  0
|   2|0x0000000089200000, 0x0000000089300000, 0x0000000089300000|100%| O|  |TAMS 0x0000000089200000| PB 0x0000000089200000| Untracked |  0
|   3|0x0000000089300000, 0x0000000089400000, 0x0000000089400000|100%| O|  |TAMS 0x0000000089300000| PB 0x0000000089300000| Untracked |  0
|   4|0x0000000089400000, 0x0000000089500000, 0x0000000089500000|100%| O|  |TAMS 0x0000000089400000| PB 0x0000000089400000| Untracked |  0
|   5|0x0000000089500000, 0x0000000089600000, 0x0000000089600000|100%| O|  |TAMS 0x0000000089500000| PB 0x0000000089500000| Untracked |  0
|   6|0x0000000089600000, 0x0000000089700000, 0x0000000089700000|100%| O|  |TAMS 0x0000000089600000| PB 0x0000000089600000| Untracked |  0
|   7|0x0000000089700000, 0x0000000089800000, 0x0000000089800000|100%| O|  |TAMS 0x0000000089700000| PB 0x0000000089700000| Untracked |  0
|   8|0x0000000089800000, 0x0000000089900000, 0x0000000089900000|100%| O|  |TAMS 0x0000000089800000| PB 0x0000000089800000| Untracked |  0
|   9|0x0000000089900000, 0x0000000089a00000, 0x0000000089a00000|100%| O|  |TAMS 0x0000000089900000| PB 0x0000000089900000| Untracked |  0
|  10|0x0000000089a00000, 0x0000000089b00000, 0x0000000089b00000|100%| O|  |TAMS 0x0000000089a00000| PB 0x0000000089a00000| Untracked |  0
|  11|0x0000000089b00000, 0x0000000089c00000, 0x0000000089c00000|100%| O|  |TAMS 0x0000000089b00000| PB 0x0000000089b00000| Untracked |  0
|  12|0x0000000089c00000, 0x0000000089d00000, 0x0000000089d00000|100%| O|  |TAMS 0x0000000089c00000| PB 0x0000000089c00000| Untracked |  0
|  13|0x0000000089d00000, 0x0000000089e00000, 0x0000000089e00000|100%| O|  |TAMS 0x0000000089d00000| PB 0x0000000089d00000| Untracked |  0
|  14|0x0000000089e00000, 0x0000000089f00000, 0x0000000089f00000|100%| O|  |TAMS 0x0000000089e00000| PB 0x0000000089e00000| Untracked |  0
|  15|0x0000000089f00000, 0x000000008a000000, 0x000000008a000000|100%| O|  |TAMS 0x0000000089f00000| PB 0x0000000089f00000| Untracked |  0
|  16|0x000000008a000000, 0x000000008a000000, 0x000000008a100000|  0%| F|  |TAMS 0x000000008a000000| PB 0x000000008a000000| Untracked |  0
|  17|0x000000008a100000, 0x000000008a200000, 0x000000008a200000|100%| O|  |TAMS 0x000000008a100000| PB 0x000000008a100000| Untracked |  0
|  18|0x000000008a200000, 0x000000008a300000, 0x000000008a300000|100%| O|  |TAMS 0x000000008a200000| PB 0x000000008a200000| Untracked |  0
|  19|0x000000008a300000, 0x000000008a400000, 0x000000008a400000|100%| O|  |TAMS 0x000000008a300000| PB 0x000000008a300000| Untracked |  0
|  20|0x000000008a400000, 0x000000008a500000, 0x000000008a500000|100%| O|  |TAMS 0x000000008a400000| PB 0x000000008a400000| Untracked |  0
|  21|0x000000008a500000, 0x000000008a600000, 0x000000008a600000|100%| O|  |TAMS 0x000000008a500000| PB 0x000000008a500000| Untracked |  0
|  22|0x000000008a600000, 0x000000008a700000, 0x000000008a700000|100%| O|  |TAMS 0x000000008a600000| PB 0x000000008a600000| Untracked |  0
|  23|0x000000008a700000, 0x000000008a800000, 0x000000008a800000|100%| O|  |TAMS 0x000000008a700000| PB 0x000000008a700000| Untracked |  0
|  24|0x000000008a800000, 0x000000008a900000, 0x000000008a900000|100%| O|  |TAMS 0x000000008a800000| PB 0x000000008a800000| Untracked |  0
|  25|0x000000008a900000, 0x000000008aa00000, 0x000000008aa00000|100%| O|  |TAMS 0x000000008a900000| PB 0x000000008a900000| Untracked |  0
|  26|0x000000008aa00000, 0x000000008aa00000, 0x000000008ab00000|  0%| F|  |TAMS 0x000000008aa00000| PB 0x000000008aa00000| Untracked |  0
|  27|0x000000008ab00000, 0x000000008ab00000, 0x000000008ac00000|  0%| F|  |TAMS 0x000000008ab00000| PB 0x000000008ab00000| Untracked |  0
|  28|0x000000008ac00000, 0x000000008ac00000, 0x000000008ad00000|  0%| F|  |TAMS 0x000000008ac00000| PB 0x000000008ac00000| Untracked |  0
|  29|0x000000008ad00000, 0x000000008ad00000, 0x000000008ae00000|  0%| F|  |TAMS 0x000000008ad00000| PB 0x000000008ad00000| Untracked |  0
|  30|0x000000008ae00000, 0x000000008af00000, 0x000000008af00000|100%| O|  |TAMS 0x000000008ae00000| PB 0x000000008ae00000| Untracked |  0
|  31|0x000000008af00000, 0x000000008b000000, 0x000000008b000000|100%| O|  |TAMS 0x000000008af00000| PB 0x000000008af00000| Untracked |  0
|  32|0x000000008b000000, 0x000000008b0c7020, 0x000000008b100000| 77%| O|  |TAMS 0x000000008b000000| PB 0x000000008b000000| Untracked |  0
|  33|0x000000008b100000, 0x000000008b1ec070, 0x000000008b200000| 92%| S|CS|TAMS 0x000000008b100000| PB 0x000000008b100000| Complete |  0
|  34|0x000000008b200000, 0x000000008b300000, 0x000000008b300000|100%| S|CS|TAMS 0x000000008b200000| PB 0x000000008b200000| Complete |  0
|  35|0x000000008b300000, 0x000000008b300000, 0x000000008b400000|  0%| F|  |TAMS 0x000000008b300000| PB 0x000000008b300000| Untracked |  0
|  36|0x000000008b400000, 0x000000008b400000, 0x000000008b500000|  0%| F|  |TAMS 0x000000008b400000| PB 0x000000008b400000| Untracked |  0
|  37|0x000000008b500000, 0x000000008b500000, 0x000000008b600000|  0%| F|  |TAMS 0x000000008b500000| PB 0x000000008b500000| Untracked |  0
|  38|0x000000008b600000, 0x000000008b600000, 0x000000008b700000|  0%| F|  |TAMS 0x000000008b600000| PB 0x000000008b600000| Untracked |  0
|  39|0x000000008b700000, 0x000000008b700000, 0x000000008b800000|  0%| F|  |TAMS 0x000000008b700000| PB 0x000000008b700000| Untracked |  0
|  40|0x000000008b800000, 0x000000008b800000, 0x000000008b900000|  0%| F|  |TAMS 0x000000008b800000| PB 0x000000008b800000| Untracked |  0
|  41|0x000000008b900000, 0x000000008b900000, 0x000000008ba00000|  0%| F|  |TAMS 0x000000008b900000| PB 0x000000008b900000| Untracked |  0
|  42|0x000000008ba00000, 0x000000008ba00000, 0x000000008bb00000|  0%| F|  |TAMS 0x000000008ba00000| PB 0x000000008ba00000| Untracked |  0
|  43|0x000000008bb00000, 0x000000008bb00000, 0x000000008bc00000|  0%| F|  |TAMS 0x000000008bb00000| PB 0x000000008bb00000| Untracked |  0
|  44|0x000000008bc00000, 0x000000008bc00000, 0x000000008bd00000|  0%| F|  |TAMS 0x000000008bc00000| PB 0x000000008bc00000| Untracked |  0
|  45|0x000000008bd00000, 0x000000008bd00000, 0x000000008be00000|  0%| F|  |TAMS 0x000000008bd00000| PB 0x000000008bd00000| Untracked |  0
|  46|0x000000008be00000, 0x000000008be00000, 0x000000008bf00000|  0%| F|  |TAMS 0x000000008be00000| PB 0x000000008be00000| Untracked |  0
|  47|0x000000008bf00000, 0x000000008bf00000, 0x000000008c000000|  0%| F|  |TAMS 0x000000008bf00000| PB 0x000000008bf00000| Untracked |  0
|  48|0x000000008c000000, 0x000000008c000000, 0x000000008c100000|  0%| F|  |TAMS 0x000000008c000000| PB 0x000000008c000000| Untracked |  0
| 104|0x000000008f800000, 0x000000008f800000, 0x000000008f900000|  0%| F|  |TAMS 0x000000008f800000| PB 0x000000008f800000| Untracked |  0
| 105|0x000000008f900000, 0x000000008f900000, 0x000000008fa00000|  0%| F|  |TAMS 0x000000008f900000| PB 0x000000008f900000| Untracked |  0
| 106|0x000000008fa00000, 0x000000008fa00000, 0x000000008fb00000|  0%| F|  |TAMS 0x000000008fa00000| PB 0x000000008fa00000| Untracked |  0
| 107|0x000000008fb00000, 0x000000008fb00000, 0x000000008fc00000|  0%| F|  |TAMS 0x000000008fb00000| PB 0x000000008fb00000| Untracked |  0
| 108|0x000000008fc00000, 0x000000008fc00000, 0x000000008fd00000|  0%| F|  |TAMS 0x000000008fc00000| PB 0x000000008fc00000| Untracked |  0
| 109|0x000000008fd00000, 0x000000008fdd1f40, 0x000000008fe00000| 82%| E|  |TAMS 0x000000008fd00000| PB 0x000000008fd00000| Complete |  0
|1902|0x00000000ffe00000, 0x00000000fff00000, 0x00000000fff00000|100%| O|  |TAMS 0x00000000ffe00000| PB 0x00000000ffe00000| Untracked |  0
|1903|0x00000000fff00000, 0x0000000100000000, 0x0000000100000000|100%| E|CS|TAMS 0x00000000fff00000| PB 0x00000000fff00000| Complete |  0

Card table byte_map: [0x00000249e5360000,0x00000249e5720000] _byte_map_base: 0x00000249e4f18000

Marking Bits: (CMBitMap*) 0x00000249cd7715c0
 Bits: [0x00000249e5720000, 0x00000249e74e0000)

Polling page: 0x00000249ccef0000

Metaspace:
Metaspace        used 67458K, committed 67968K, reserved 1114112K
 class space     used 7172K, committed 7424K, reserved 1048576K

Usage:
  Non-class:     58.87 MB used.
      Class:      7.00 MB used.
       Both:     65.88 MB used.

Virtual space:
  Non-class space:       64.00 MB reserved,      59.12 MB ( 92%) committed,  1 nodes.
      Class space:        1.00 GB reserved,       7.25 MB ( <1%) committed,  1 nodes.
             Both:        1.06 GB reserved,      66.38 MB (  6%) committed. 

Chunk freelists:
   Non-Class:  4.69 MB
       Class:  8.61 MB
        Both:  13.30 MB

MaxMetaspaceSize: unlimited
CompressedClassSpaceSize: 1.00 GB
Initial GC threshold: 21.00 MB
Current GC threshold: 99.06 MB
CDS: on
 - commit_granule_bytes: 65536.
 - commit_granule_words: 8192.
 - virtual_space_node_default_size: 8388608.
 - enlarge_chunks_in_place: 1.
UseCompressedClassPointers 1, UseCompactObjectHeaders 0
Narrow klass pointer bits 32, Max shift 3
Narrow klass base: 0x0000000039000000, Narrow klass shift: 0
Encoding Range: [0x0000000039000000 - 0x0000000139000000), (4294967296 bytes)
Klass Range:    [0x0000000039010000 - 0x000000007a000000), (1090453504 bytes)
Klass ID Range:  [65536 - 1090519033) (1090453497)
Protection zone: [0x0000000039000000 - 0x0000000039010000), (65536 bytes)


Internal statistics:

num_allocs_failed_limit: 12.
num_arena_births: 628.
num_arena_deaths: 0.
num_vsnodes_births: 2.
num_vsnodes_deaths: 0.
num_space_committed: 1062.
num_space_uncommitted: 0.
num_chunks_returned_to_freelist: 12.
num_chunks_taken_from_freelist: 3023.
num_chunk_merges: 12.
num_chunk_splits: 2250.
num_chunks_enlarged: 1880.
num_inconsistent_stats: 0.

CodeHeap 'non-profiled nmethods': size=120064Kb used=2506Kb max_used=2506Kb free=117557Kb
 bounds [0x00000249dda60000, 0x00000249ddce0000, 0x00000249e4fa0000]
CodeHeap 'profiled nmethods': size=120000Kb used=9098Kb max_used=9098Kb free=110901Kb
 bounds [0x00000249d5fa0000, 0x00000249d6890000, 0x00000249dd4d0000]
CodeHeap 'non-nmethods': size=5696Kb used=1605Kb max_used=1734Kb free=4090Kb
 bounds [0x00000249dd4d0000, 0x00000249dd740000, 0x00000249dda60000]
CodeCache: size=245760Kb, used=13209Kb, max_used=13338Kb, free=232548Kb
 total_blobs=6696, nmethods=5967, adapters=632, full_count=0
Compilation: enabled, stopped_count=0, restarted_count=0

Compilation events (20 events):
Event: 95.474 Thread 0x00000249e9a5d240 nmethod 6688 0x00000249d687a888 code [0x00000249d687a980, 0x00000249d687ae50]
Event: 103.768 Thread 0x00000249e9a5d240 6689       3       jdk.internal.misc.VM::isBooted (13 bytes)
Event: 103.769 Thread 0x00000249e9a5d240 nmethod 6689 0x00000249d687ae88 code [0x00000249d687af80, 0x00000249d687b0c8]
Event: 111.601 Thread 0x00000249e9a5d240 6690       3       org.postgresql.jdbc.PgConnection::isClosed (10 bytes)
Event: 111.602 Thread 0x00000249e9a5d240 nmethod 6690 0x00000249d687b188 code [0x00000249d687b280, 0x00000249d687b7a8]
Event: 111.602 Thread 0x00000249e9a5d240 6691       3       org.postgresql.core.QueryExecutorBase::isClosed (8 bytes)
Event: 111.602 Thread 0x00000249e9a5d240 nmethod 6691 0x00000249d687b808 code [0x00000249d687b900, 0x00000249d687bce8]
Event: 111.603 Thread 0x00000249e9a5d240 6692       3       org.postgresql.core.QueryExecutorCloseAction::isClosed (22 bytes)
Event: 111.603 Thread 0x00000249e9a5d240 nmethod 6692 0x00000249d687bd08 code [0x00000249d687be00, 0x00000249d687c180]
Event: 111.603 Thread 0x00000249e9a5d240 6693       3       org.postgresql.core.PGStream::isClosed (8 bytes)
Event: 111.603 Thread 0x00000249e9a5d240 nmethod 6693 0x00000249d687c208 code [0x00000249d687c300, 0x00000249d687c5a0]
Event: 111.938 Thread 0x00000249e9a5d240 6694       3       org.postgresql.jdbc.PgConnection::checkClosed (29 bytes)
Event: 111.940 Thread 0x00000249e9a5d240 nmethod 6694 0x00000249d687c608 code [0x00000249d687c700, 0x00000249d687ceb8]
Event: 112.200 Thread 0x00000249e9a5d240 6695       3       sun.nio.ch.NativeThread::current (15 bytes)
Event: 112.200 Thread 0x00000249e9a5d240 nmethod 6695 0x00000249d687cf08 code [0x00000249d687d000, 0x00000249d687d310]
Event: 113.286 Thread 0x00000249e9a56200 6697       4       java.lang.invoke.MethodHandles$Lookup::isArrayClone (50 bytes)
Event: 113.290 Thread 0x00000249e9a56200 nmethod 6697 0x00000249ddcd0e88 code [0x00000249ddcd0f80, 0x00000249ddcd10f8]
Event: 113.290 Thread 0x00000249e9a56200 6698       4       sun.invoke.util.VerifyAccess::isMemberAccessible (338 bytes)
Event: 113.317 Thread 0x00000249e9a56200 nmethod 6698 0x00000249ddcd1188 code [0x00000249ddcd1280, 0x00000249ddcd19b8]
Event: 113.331 Thread 0x00000249e9a56200 6699       4       java.lang.ClassLoader::defineClass (43 bytes)

GC Heap Usage History (20 events):
Event: 4.352 {heap Before GC invocations=2 (full 0):
 garbage-first heap   total reserved 1949696K, committed 124928K, used 23573K [0x0000000089000000, 0x0000000100000000)
  region size 1024K, 15 young (15360K), 5 survivors (5120K)
}
Event: 4.366 {heap After GC invocations=3 (full 0):
 garbage-first heap   total reserved 1949696K, committed 124928K, used 15941K [0x0000000089000000, 0x0000000100000000)
  region size 1024K, 6 young (6144K), 6 survivors (6144K)
}
Event: 6.005 {heap Before GC invocations=4 (full 0):
 garbage-first heap   total reserved 1949696K, committed 58368K, used 44613K [0x0000000089000000, 0x0000000100000000)
  region size 1024K, 34 young (34816K), 6 survivors (6144K)
}
Event: 6.039 {heap After GC invocations=5 (full 0):
 garbage-first heap   total reserved 1949696K, committed 58368K, used 17295K [0x0000000089000000, 0x0000000100000000)
  region size 1024K, 4 young (4096K), 4 survivors (4096K)
}
Event: 7.269 {heap Before GC invocations=5 (full 0):
 garbage-first heap   total reserved 1949696K, committed 58368K, used 41871K [0x0000000089000000, 0x0000000100000000)
  region size 1024K, 28 young (28672K), 4 survivors (4096K)
}
Event: 7.298 {heap After GC invocations=6 (full 0):
 garbage-first heap   total reserved 1949696K, committed 58368K, used 20201K [0x0000000089000000, 0x0000000100000000)
  region size 1024K, 3 young (3072K), 3 survivors (3072K)
}
Event: 8.723 {heap Before GC invocations=6 (full 0):
 garbage-first heap   total reserved 1949696K, committed 58368K, used 44777K [0x0000000089000000, 0x0000000100000000)
  region size 1024K, 27 young (27648K), 3 survivors (3072K)
}
Event: 8.733 {heap After GC invocations=7 (full 0):
 garbage-first heap   total reserved 1949696K, committed 58368K, used 21951K [0x0000000089000000, 0x0000000100000000)
  region size 1024K, 2 young (2048K), 2 survivors (2048K)
}
Event: 8.737 {heap Before GC invocations=7 (full 0):
 garbage-first heap   total reserved 1949696K, committed 58368K, used 21951K [0x0000000089000000, 0x0000000100000000)
  region size 1024K, 3 young (3072K), 2 survivors (2048K)
}
Event: 8.742 {heap After GC invocations=8 (full 0):
 garbage-first heap   total reserved 1949696K, committed 58368K, used 21957K [0x0000000089000000, 0x0000000100000000)
  region size 1024K, 2 young (2048K), 2 survivors (2048K)
}
Event: 10.547 {heap Before GC invocations=9 (full 0):
 garbage-first heap   total reserved 1949696K, committed 58368K, used 46533K [0x0000000089000000, 0x0000000100000000)
  region size 1024K, 27 young (27648K), 2 survivors (2048K)
}
Event: 10.556 {heap After GC invocations=10 (full 0):
 garbage-first heap   total reserved 1949696K, committed 58368K, used 23725K [0x0000000089000000, 0x0000000100000000)
  region size 1024K, 4 young (4096K), 4 survivors (4096K)
}
Event: 12.155 {heap Before GC invocations=10 (full 0):
 garbage-first heap   total reserved 1949696K, committed 58368K, used 47277K [0x0000000089000000, 0x0000000100000000)
  region size 1024K, 28 young (28672K), 4 survivors (4096K)
}
Event: 12.166 {heap After GC invocations=11 (full 0):
 garbage-first heap   total reserved 1949696K, committed 58368K, used 25276K [0x0000000089000000, 0x0000000100000000)
  region size 1024K, 4 young (4096K), 4 survivors (4096K)
}
Event: 13.606 {heap Before GC invocations=11 (full 0):
 garbage-first heap   total reserved 1949696K, committed 58368K, used 48828K [0x0000000089000000, 0x0000000100000000)
  region size 1024K, 28 young (28672K), 4 survivors (4096K)
}
Event: 13.616 {heap After GC invocations=12 (full 0):
 garbage-first heap   total reserved 1949696K, committed 58368K, used 26297K [0x0000000089000000, 0x0000000100000000)
  region size 1024K, 3 young (3072K), 3 survivors (3072K)
}
Event: 14.428 {heap Before GC invocations=12 (full 0):
 garbage-first heap   total reserved 1949696K, committed 58368K, used 41657K [0x0000000089000000, 0x0000000100000000)
  region size 1024K, 20 young (20480K), 3 survivors (3072K)
}
Event: 14.439 {heap After GC invocations=13 (full 0):
 garbage-first heap   total reserved 1949696K, committed 58368K, used 28103K [0x0000000089000000, 0x0000000100000000)
  region size 1024K, 3 young (3072K), 3 survivors (3072K)
}
Event: 15.683 {heap Before GC invocations=14 (full 0):
 garbage-first heap   total reserved 1949696K, committed 58368K, used 51655K [0x0000000089000000, 0x0000000100000000)
  region size 1024K, 26 young (26624K), 3 survivors (3072K)
}
Event: 15.695 {heap After GC invocations=15 (full 0):
 garbage-first heap   total reserved 1949696K, committed 58368K, used 30365K [0x0000000089000000, 0x0000000100000000)
  region size 1024K, 4 young (4096K), 4 survivors (4096K)
}

Metaspace Usage History (20 events):
Event: 4.352 {metaspace Before GC invocations=2 (full 0):
 Metaspace       used 21302K, committed 21504K, reserved 1114112K
  class space    used 2115K, committed 2240K, reserved 1048576K
}
Event: 4.366 {metaspace After GC invocations=3 (full 0):
 Metaspace       used 21302K, committed 21504K, reserved 1114112K
  class space    used 2115K, committed 2240K, reserved 1048576K
}
Event: 6.005 {metaspace Before GC invocations=4 (full 0):
 Metaspace       used 25632K, committed 25920K, reserved 1114112K
  class space    used 2579K, committed 2688K, reserved 1048576K
}
Event: 6.039 {metaspace After GC invocations=5 (full 0):
 Metaspace       used 25632K, committed 25920K, reserved 1114112K
  class space    used 2579K, committed 2688K, reserved 1048576K
}
Event: 7.269 {metaspace Before GC invocations=5 (full 0):
 Metaspace       used 30344K, committed 30720K, reserved 1114112K
  class space    used 3127K, committed 3264K, reserved 1048576K
}
Event: 7.298 {metaspace After GC invocations=6 (full 0):
 Metaspace       used 30344K, committed 30720K, reserved 1114112K
  class space    used 3127K, committed 3264K, reserved 1048576K
}
Event: 8.723 {metaspace Before GC invocations=6 (full 0):
 Metaspace       used 35655K, committed 35968K, reserved 1114112K
  class space    used 3698K, committed 3840K, reserved 1048576K
}
Event: 8.733 {metaspace After GC invocations=7 (full 0):
 Metaspace       used 35655K, committed 35968K, reserved 1114112K
  class space    used 3698K, committed 3840K, reserved 1048576K
}
Event: 8.737 {metaspace Before GC invocations=7 (full 0):
 Metaspace       used 35671K, committed 35968K, reserved 1114112K
  class space    used 3701K, committed 3840K, reserved 1048576K
}
Event: 8.742 {metaspace After GC invocations=8 (full 0):
 Metaspace       used 35671K, committed 35968K, reserved 1114112K
  class space    used 3701K, committed 3840K, reserved 1048576K
}
Event: 10.548 {metaspace Before GC invocations=9 (full 0):
 Metaspace       used 43480K, committed 43840K, reserved 1114112K
  class space    used 4513K, committed 4672K, reserved 1048576K
}
Event: 10.556 {metaspace After GC invocations=10 (full 0):
 Metaspace       used 43480K, committed 43840K, reserved 1114112K
  class space    used 4513K, committed 4672K, reserved 1048576K
}
Event: 12.155 {metaspace Before GC invocations=10 (full 0):
 Metaspace       used 50573K, committed 51008K, reserved 1114112K
  class space    used 5210K, committed 5376K, reserved 1048576K
}
Event: 12.166 {metaspace After GC invocations=11 (full 0):
 Metaspace       used 50573K, committed 51008K, reserved 1114112K
  class space    used 5210K, committed 5376K, reserved 1048576K
}
Event: 13.606 {metaspace Before GC invocations=11 (full 0):
 Metaspace       used 57700K, committed 58112K, reserved 1114112K
  class space    used 6032K, committed 6208K, reserved 1048576K
}
Event: 13.616 {metaspace After GC invocations=12 (full 0):
 Metaspace       used 57700K, committed 58112K, reserved 1114112K
  class space    used 6032K, committed 6208K, reserved 1048576K
}
Event: 14.428 {metaspace Before GC invocations=12 (full 0):
 Metaspace       used 60373K, committed 60800K, reserved 1114112K
  class space    used 6307K, committed 6528K, reserved 1048576K
}
Event: 14.439 {metaspace After GC invocations=13 (full 0):
 Metaspace       used 60373K, committed 60800K, reserved 1114112K
  class space    used 6307K, committed 6528K, reserved 1048576K
}
Event: 15.683 {metaspace Before GC invocations=14 (full 0):
 Metaspace       used 63824K, committed 64256K, reserved 1114112K
  class space    used 6735K, committed 6912K, reserved 1048576K
}
Event: 15.695 {metaspace After GC invocations=15 (full 0):
 Metaspace       used 63824K, committed 64256K, reserved 1114112K
  class space    used 6735K, committed 6912K, reserved 1048576K
}

Dll operation events (11 events):
Event: 0.030 Loaded shared library C:\Program Files\Java\jdk-25\bin\java.dll
Event: 0.319 Loaded shared library C:\Program Files\Java\jdk-25\bin\zip.dll
Event: 0.326 Loaded shared library C:\Program Files\Java\jdk-25\bin\instrument.dll
Event: 0.337 Loaded shared library C:\Program Files\Java\jdk-25\bin\net.dll
Event: 0.342 Loaded shared library C:\Program Files\Java\jdk-25\bin\nio.dll
Event: 0.353 Loaded shared library C:\Program Files\Java\jdk-25\bin\zip.dll
Event: 0.644 Loaded shared library C:\Program Files\Java\jdk-25\bin\extnet.dll
Event: 0.701 Loaded shared library C:\Program Files\Java\jdk-25\bin\jimage.dll
Event: 4.047 Loaded shared library C:\Program Files\Java\jdk-25\bin\sunmscapi.dll
Event: 7.358 Loaded shared library C:\Program Files\Java\jdk-25\bin\management.dll
Event: 7.362 Loaded shared library C:\Program Files\Java\jdk-25\bin\management_ext.dll

Deoptimization events (20 events):
Event: 16.331 Thread 0x00000249cd71a380 DEOPT PACKING pc=0x00000249ddb17998 sp=0x000000f34edfc7c0
Event: 16.331 Thread 0x00000249cd71a380 DEOPT UNPACKING pc=0x00000249dd55b982 sp=0x000000f34edfc750 mode 2
Event: 16.397 Thread 0x00000249cd71a380 Uncommon trap: trap_request=0xffffff45 fr.pc=0x00000249ddb501a8 relative=0x00000000000025a8
Event: 16.397 Thread 0x00000249cd71a380 Uncommon trap: reason=unstable_if action=reinterpret pc=0x00000249ddb501a8 method=org.springframework.core.annotation.AnnotationsScanner.processClassInheritedAnnotations(Ljava/lang/Object;Ljava/lang/Class;Lorg/springframework/core/annotation/AnnotationsPr
Event: 16.397 Thread 0x00000249cd71a380 DEOPT PACKING pc=0x00000249ddb501a8 sp=0x000000f34edfeee0
Event: 16.397 Thread 0x00000249cd71a380 DEOPT UNPACKING pc=0x00000249dd55b982 sp=0x000000f34edfeda8 mode 2
Event: 16.397 Thread 0x00000249cd71a380 Uncommon trap: trap_request=0xffffff45 fr.pc=0x00000249ddb4b6c0 relative=0x00000000000024c0
Event: 16.397 Thread 0x00000249cd71a380 Uncommon trap: reason=unstable_if action=reinterpret pc=0x00000249ddb4b6c0 method=org.springframework.core.annotation.AnnotationsScanner.processClassInheritedAnnotations(Ljava/lang/Object;Ljava/lang/Class;Lorg/springframework/core/annotation/AnnotationsPr
Event: 16.397 Thread 0x00000249cd71a380 DEOPT PACKING pc=0x00000249ddb4b6c0 sp=0x000000f34edfee70
Event: 16.397 Thread 0x00000249cd71a380 DEOPT UNPACKING pc=0x00000249dd55b982 sp=0x000000f34edfedb0 mode 2
Event: 16.492 Thread 0x00000249cd71a380 DEOPT PACKING pc=0x00000249d6867ee6 sp=0x000000f34edfee10
Event: 16.492 Thread 0x00000249cd71a380 DEOPT UNPACKING pc=0x00000249dd521702 sp=0x000000f34edfe2e8 mode 0
Event: 16.500 Thread 0x00000249cd71a380 Uncommon trap: trap_request=0xffffffde fr.pc=0x00000249ddbb3e78 relative=0x0000000000000378
Event: 16.500 Thread 0x00000249cd71a380 Uncommon trap: reason=class_check action=maybe_recompile pc=0x00000249ddbb3e78 method=org.springframework.core.ResolvableType.resolveType()Lorg/springframework/core/ResolvableType; @ 44 c2
Event: 16.500 Thread 0x00000249cd71a380 DEOPT PACKING pc=0x00000249ddbb3e78 sp=0x000000f34edfead0
Event: 16.500 Thread 0x00000249cd71a380 DEOPT UNPACKING pc=0x00000249dd55b982 sp=0x000000f34edfea68 mode 2
Event: 16.500 Thread 0x00000249cd71a380 Uncommon trap: trap_request=0xffffffde fr.pc=0x00000249ddbb3e78 relative=0x0000000000000378
Event: 16.500 Thread 0x00000249cd71a380 Uncommon trap: reason=class_check action=maybe_recompile pc=0x00000249ddbb3e78 method=org.springframework.core.ResolvableType.resolveType()Lorg/springframework/core/ResolvableType; @ 44 c2
Event: 16.500 Thread 0x00000249cd71a380 DEOPT PACKING pc=0x00000249ddbb3e78 sp=0x000000f34edfebb0
Event: 16.500 Thread 0x00000249cd71a380 DEOPT UNPACKING pc=0x00000249dd55b982 sp=0x000000f34edfeb48 mode 2

Classes loaded (20 events):
Event: 113.274 Loading class java/util/concurrent/BlockingDeque done
Event: 113.275 Loading class java/util/concurrent/LinkedBlockingDeque done
Event: 113.276 Loading class java/util/concurrent/Semaphore
Event: 113.276 Loading class java/util/concurrent/Semaphore done
Event: 113.276 Loading class java/util/concurrent/Semaphore$NonfairSync
Event: 113.277 Loading class java/util/concurrent/Semaphore$Sync
Event: 113.277 Loading class java/util/concurrent/Semaphore$Sync done
Event: 113.277 Loading class java/util/concurrent/Semaphore$NonfairSync done
Event: 113.277 Loading class sun/nio/ch/SocketAdaptor
Event: 113.278 Loading class sun/nio/ch/SocketAdaptor done
Event: 113.281 Loading class sun/nio/ch/SocketChannelImpl$DefaultOptionsHolder
Event: 113.282 Loading class sun/nio/ch/SocketChannelImpl$DefaultOptionsHolder done
Event: 113.284 Loading class sun/nio/ch/SelectionKeyImpl
Event: 113.285 Loading class java/nio/channels/spi/AbstractSelectionKey
Event: 113.285 Loading class java/nio/channels/SelectionKey
Event: 113.285 Loading class java/nio/channels/SelectionKey done
Event: 113.285 Loading class java/nio/channels/spi/AbstractSelectionKey done
Event: 113.285 Loading class sun/nio/ch/SelectionKeyImpl done
Event: 113.286 Loading class java/lang/invoke/ConstantBootstraps
Event: 113.287 Loading class java/lang/invoke/ConstantBootstraps done

Classes unloaded (0 events):
No events

Classes redefined (0 events):
No events

Internal exceptions (20 events):
Event: 13.787 Thread 0x00000249cd71a380 Exception <a 'java/lang/NoSuchMethodError'{0x00000000fff813d0}: 'java.lang.Object java.lang.invoke.DirectMethodHandle$Holder.invokeSpecial(java.lang.Object, java.lang.Object, int, java.lang.Object, int)'> (0x00000000fff813d0) 
thrown [s\open\src\hotspot\share\interpreter\linkResolver.cpp, line 804]
Event: 13.788 Thread 0x00000249cd71a380 Exception <a 'java/lang/NoSuchMethodError'{0x00000000fff8d948}: 'java.lang.Object java.lang.invoke.DirectMethodHandle$Holder.invokeSpecial(java.lang.Object, java.lang.Object, java.lang.Object, int, java.lang.Object, int)'> (0x00000000fff8d948) 
thrown [s\open\src\hotspot\share\interpreter\linkResolver.cpp, line 804]
Event: 13.788 Thread 0x00000249cd71a380 Exception <a 'java/lang/NoSuchMethodError'{0x00000000fff95e58}: 'java.lang.Object java.lang.invoke.DelegatingMethodHandle$Holder.reinvoke_L(java.lang.Object, java.lang.Object, int, java.lang.Object, int)'> (0x00000000fff95e58) 
thrown [s\open\src\hotspot\share\interpreter\linkResolver.cpp, line 804]
Event: 13.879 Thread 0x00000249cd71a380 Exception <a 'java/lang/NoSuchMethodError'{0x000000008fd59b80}: 'void java.lang.invoke.Invokers$Holder.invokeExact_MT(java.lang.Object, java.lang.Object, java.lang.Object, java.lang.Object)'> (0x000000008fd59b80) 
thrown [s\open\src\hotspot\share\interpreter\linkResolver.cpp, line 804]
Event: 14.030 Thread 0x00000249cd71a380 Exception <a 'java/lang/IncompatibleClassChangeError'{0x000000008f938e98}: Found class java.lang.Object, but interface was expected> (0x000000008f938e98) 
thrown [s\open\src\hotspot\share\interpreter\linkResolver.cpp, line 871]
Event: 14.102 Thread 0x00000249cd71a380 Exception <a 'java/lang/IncompatibleClassChangeError'{0x000000008f8bfb60}: Found class java.lang.Object, but interface was expected> (0x000000008f8bfb60) 
thrown [s\open\src\hotspot\share\interpreter\linkResolver.cpp, line 871]
Event: 14.285 Thread 0x00000249cd71a380 Exception <a 'java/lang/IncompatibleClassChangeError'{0x000000008bbed5f0}: Found class java.lang.Object, but interface was expected> (0x000000008bbed5f0) 
thrown [s\open\src\hotspot\share\interpreter\linkResolver.cpp, line 871]
Event: 14.671 Thread 0x00000249cd71a380 Exception <a 'java/lang/IncompatibleClassChangeError'{0x000000008fde47c8}: Found class java.lang.Object, but interface was expected> (0x000000008fde47c8) 
thrown [s\open\src\hotspot\share\interpreter\linkResolver.cpp, line 871]
Event: 14.672 Thread 0x00000249cd71a380 Exception <a 'java/lang/IncompatibleClassChangeError'{0x000000008fdf4f40}: Found class java.lang.Object, but interface was expected> (0x000000008fdf4f40) 
thrown [s\open\src\hotspot\share\interpreter\linkResolver.cpp, line 871]
Event: 14.772 Thread 0x00000249cd71a380 Exception <a 'java/lang/NoSuchMethodError'{0x000000008fb865f8}: 'java.lang.Object java.lang.invoke.DirectMethodHandle$Holder.invokeStatic(java.lang.Object, int, java.lang.Object)'> (0x000000008fb865f8) 
thrown [s\open\src\hotspot\share\interpreter\linkResolver.cpp, line 804]
Event: 15.070 Thread 0x00000249cd71a380 Exception <a 'java/lang/NoSuchMethodError'{0x000000008bd20e40}: 'java.lang.Object java.lang.invoke.DirectMethodHandle$Holder.newInvokeSpecial(java.lang.Object, java.lang.Object, java.lang.Object, java.lang.Object, java.lang.Object, java.lang.Object, java.lang.Object, java.lang.Object)'> (0x000000008bd20e40) 
thrown [s\open\src\hotspot\share\interpreter\linkResolver.cpp, line 804]
Event: 15.341 Thread 0x00000249cd71a380 Exception <a 'java/io/IOException'{0x000000008b745c50}> (0x000000008b745c50) 
thrown [s\open\src\hotspot\share\prims\jni.cpp, line 516]
Event: 15.719 Thread 0x00000249cd71a380 Exception <a 'java/lang/IncompatibleClassChangeError'{0x00000000fff3ec00}: Found class java.lang.Object, but interface was expected> (0x00000000fff3ec00) 
thrown [s\open\src\hotspot\share\interpreter\linkResolver.cpp, line 871]
Event: 15.888 Thread 0x00000249cd71a380 Exception <a 'java/lang/NoSuchMethodError'{0x000000008fa242b8}: 'java.lang.Object java.lang.invoke.DirectMethodHandle$Holder.invokeInterface(java.lang.Object, java.lang.Object, java.lang.Object, java.lang.Object)'> (0x000000008fa242b8) 
thrown [s\open\src\hotspot\share\interpreter\linkResolver.cpp, line 804]
Event: 16.061 Thread 0x00000249cd71a380 Exception <a 'java/lang/NoSuchMethodError'{0x000000008c09e550}: 'int java.lang.invoke.DirectMethodHandle$Holder.invokeStaticInit(java.lang.Object, java.lang.Object, java.lang.Object, java.lang.Object)'> (0x000000008c09e550) 
thrown [s\open\src\hotspot\share\interpreter\linkResolver.cpp, line 804]
Event: 16.148 Thread 0x00000249cd71a380 Exception <a 'java/lang/IncompatibleClassChangeError'{0x000000008be49e80}: Found class java.lang.Object, but interface was expected> (0x000000008be49e80) 
thrown [s\open\src\hotspot\share\interpreter\linkResolver.cpp, line 871]
Event: 16.173 Thread 0x00000249cd71a380 Implicit null exception at 0x00000249ddb71325 to 0x00000249ddb7146c
Event: 16.418 Thread 0x00000249cd71a380 Exception <a 'java/lang/NoSuchMethodError'{0x000000008b841320}: 'java.lang.Object java.lang.invoke.DirectMethodHandle$Holder.newInvokeSpecial(java.lang.Object, java.lang.Object, int, java.lang.Object, java.lang.Object)'> (0x000000008b841320) 
thrown [s\open\src\hotspot\share\interpreter\linkResolver.cpp, line 804]
Event: 113.266 Thread 0x00000249efe1bb00 Exception <a 'java/lang/NoSuchMethodError'{0x000000008b552b90}: 'java.lang.Object java.lang.invoke.DirectMethodHandle$Holder.invokeStatic(java.lang.Object, java.lang.Object, java.lang.Object, int, int)'> (0x000000008b552b90) 
thrown [s\open\src\hotspot\share\interpreter\linkResolver.cpp, line 804]
Event: 113.267 Thread 0x00000249efe1bb00 Exception <a 'java/lang/NoSuchMethodError'{0x000000008b55aae8}: 'java.lang.Object java.lang.invoke.DirectMethodHandle$Holder.invokeStaticInit(java.lang.Object, java.lang.Object, java.lang.Object, int, int)'> (0x000000008b55aae8) 
thrown [s\open\src\hotspot\share\interpreter\linkResolver.cpp, line 804]

VM Operations (20 events):
Event: 15.401 Executing non-safepoint VM operation: HandshakeAllThreads (Deoptimize)
Event: 15.401 Executing non-safepoint VM operation: HandshakeAllThreads (Deoptimize) done
Event: 15.448 Executing non-safepoint VM operation: HandshakeAllThreads (Deoptimize)
Event: 15.448 Executing non-safepoint VM operation: HandshakeAllThreads (Deoptimize) done
Event: 15.450 Executing non-safepoint VM operation: HandshakeAllThreads (Deoptimize)
Event: 15.451 Executing non-safepoint VM operation: HandshakeAllThreads (Deoptimize) done
Event: 15.683 Executing safepoint VM operation: G1CollectForAllocation (G1 Evacuation Pause)
Event: 15.695 Executing safepoint VM operation: G1CollectForAllocation (G1 Evacuation Pause) done
Event: 15.742 Executing non-safepoint VM operation: HandshakeAllThreads (Deoptimize)
Event: 15.743 Executing non-safepoint VM operation: HandshakeAllThreads (Deoptimize) done
Event: 16.014 Executing non-safepoint VM operation: HandshakeAllThreads (Deoptimize)
Event: 16.014 Executing non-safepoint VM operation: HandshakeAllThreads (Deoptimize) done
Event: 16.304 Executing non-safepoint VM operation: HandshakeAllThreads (Deoptimize)
Event: 16.305 Executing non-safepoint VM operation: HandshakeAllThreads (Deoptimize) done
Event: 60.270 Executing non-safepoint VM operation: HandshakeAllThreads (HandshakeForDeflation)
Event: 60.270 Executing non-safepoint VM operation: HandshakeAllThreads (HandshakeForDeflation) done
Event: 60.270 Executing non-safepoint VM operation: RendezvousGCThreads
Event: 60.270 Executing non-safepoint VM operation: RendezvousGCThreads done
Event: 113.281 Executing non-safepoint VM operation: HandshakeAllThreads (Deoptimize)
Event: 113.281 Executing non-safepoint VM operation: HandshakeAllThreads (Deoptimize) done

Memory protections (0 events):
No events

Nmethod flushes (20 events):
Event: 14.569 Thread 0x00000249cd7d68f0 flushing  nmethod 0x00000249d63f1788
Event: 14.569 Thread 0x00000249cd7d68f0 flushing  nmethod 0x00000249d6437888
Event: 14.569 Thread 0x00000249cd7d68f0 flushing  nmethod 0x00000249d648c588
Event: 14.569 Thread 0x00000249cd7d68f0 flushing  nmethod 0x00000249d64add88
Event: 14.569 Thread 0x00000249cd7d68f0 flushing  nmethod 0x00000249d6522288
Event: 14.569 Thread 0x00000249cd7d68f0 flushing  nmethod 0x00000249d6529488
Event: 14.569 Thread 0x00000249cd7d68f0 flushing  nmethod 0x00000249d6529788
Event: 14.569 Thread 0x00000249cd7d68f0 flushing  nmethod 0x00000249d6567c88
Event: 14.569 Thread 0x00000249cd7d68f0 flushing  nmethod 0x00000249d6583308
Event: 14.569 Thread 0x00000249cd7d68f0 flushing  nmethod 0x00000249d6586988
Event: 14.569 Thread 0x00000249cd7d68f0 flushing  nmethod 0x00000249d65f5188
Event: 14.569 Thread 0x00000249cd7d68f0 flushing  nmethod 0x00000249d6603208
Event: 14.569 Thread 0x00000249cd7d68f0 flushing  nmethod 0x00000249d663a488
Event: 14.569 Thread 0x00000249cd7d68f0 flushing  nmethod 0x00000249d665f108
Event: 14.569 Thread 0x00000249cd7d68f0 flushing  nmethod 0x00000249d66a6008
Event: 14.569 Thread 0x00000249cd7d68f0 flushing  nmethod 0x00000249d673d288
Event: 14.569 Thread 0x00000249cd7d68f0 flushing  nmethod 0x00000249d6766e08
Event: 14.569 Thread 0x00000249cd7d68f0 flushing  nmethod 0x00000249d6767108
Event: 14.569 Thread 0x00000249cd7d68f0 flushing  nmethod 0x00000249d6767408
Event: 14.569 Thread 0x00000249cd7d68f0 flushing  nmethod 0x00000249d6768188

Events (20 events):
Event: 11.961 Thread 0x00000249ee9f0430 Thread exited: 0x00000249ee9f0430
Event: 12.522 Thread 0x00000249e9a56200 Thread added: 0x00000249eebed560
Event: 13.643 Thread 0x00000249eebed560 Thread exited: 0x00000249eebed560
Event: 13.903 Thread 0x00000249e9a5d240 Thread added: 0x00000249eebf2600
Event: 16.435 Thread 0x00000249cd71a380 Thread added: 0x00000249f126af80
Event: 16.435 Thread 0x00000249cd71a380 Thread added: 0x00000249f126b750
Event: 16.435 Thread 0x00000249cd71a380 Thread added: 0x00000249e9c8f500
Event: 16.435 Thread 0x00000249cd71a380 Thread added: 0x00000249e9c93380
Event: 16.436 Thread 0x00000249cd71a380 Thread added: 0x00000249efe16ce0
Event: 16.436 Thread 0x00000249cd71a380 Thread added: 0x00000249efe1caa0
Event: 16.436 Thread 0x00000249cd71a380 Thread added: 0x00000249efe18450
Event: 16.436 Thread 0x00000249cd71a380 Thread added: 0x00000249efe193f0
Event: 16.436 Thread 0x00000249cd71a380 Thread added: 0x00000249efe174b0
Event: 16.436 Thread 0x00000249cd71a380 Thread added: 0x00000249efe1c2d0
Event: 16.460 Thread 0x00000249cd71a380 Thread added: 0x00000249efe1b330
Event: 16.462 Thread 0x00000249cd71a380 Thread added: 0x00000249efe1bb00
Event: 16.506 Thread 0x00000249cd71a380 Thread exited: 0x00000249cd71a380
Event: 16.506 Thread 0x00000249f21ee8c0 Thread added: 0x00000249f21ee8c0
Event: 17.020 Thread 0x00000249f1269fe0 Thread exited: 0x00000249f1269fe0
Event: 22.853 Thread 0x00000249eebf2600 Thread exited: 0x00000249eebf2600


Dynamic libraries:
0x00007ff69e140000 - 0x00007ff69e150000 	C:\Program Files\Java\jdk-25\bin\java.exe
0x00007ffc76f50000 - 0x00007ffc77148000 	C:\Windows\SYSTEM32\ntdll.dll
0x00007ffc75ba0000 - 0x00007ffc75c62000 	C:\Windows\System32\KERNEL32.DLL
0x00007ffc74be0000 - 0x00007ffc74ed6000 	C:\Windows\System32\KERNELBASE.dll
0x00007ffc74990000 - 0x00007ffc74a90000 	C:\Windows\System32\ucrtbase.dll
0x00007ffc6a680000 - 0x00007ffc6a69e000 	C:\Program Files\Java\jdk-25\bin\VCRUNTIME140.dll
0x00007ffc6a6a0000 - 0x00007ffc6a6b7000 	C:\Program Files\Java\jdk-25\bin\jli.dll
0x00007ffc76a50000 - 0x00007ffc76bf1000 	C:\Windows\System32\USER32.dll
0x00007ffc74bb0000 - 0x00007ffc74bd2000 	C:\Windows\System32\win32u.dll
0x00007ffc75800000 - 0x00007ffc7582b000 	C:\Windows\System32\GDI32.dll
0x00007ffc74a90000 - 0x00007ffc74ba9000 	C:\Windows\System32\gdi32full.dll
0x00007ffc748a0000 - 0x00007ffc7493d000 	C:\Windows\System32\msvcp_win.dll
0x00007ffc637a0000 - 0x00007ffc63a3b000 	C:\Windows\WinSxS\amd64_microsoft.windows.common-controls_6595b64144ccf1df_6.0.19041.6456_none_60b8a6cb71f64256\COMCTL32.dll
0x00007ffc75f80000 - 0x00007ffc7601e000 	C:\Windows\System32\msvcrt.dll
0x00007ffc75500000 - 0x00007ffc7552f000 	C:\Windows\System32\IMM32.DLL
0x00007ffc6a730000 - 0x00007ffc6a73c000 	C:\Program Files\Java\jdk-25\bin\vcruntime140_1.dll
0x00007ffc45550000 - 0x00007ffc455dd000 	C:\Program Files\Java\jdk-25\bin\msvcp140.dll
0x00007ffbefe50000 - 0x00007ffbf0caf000 	C:\Program Files\Java\jdk-25\bin\server\jvm.dll
0x00007ffc76990000 - 0x00007ffc76a41000 	C:\Windows\System32\ADVAPI32.dll
0x00007ffc753e0000 - 0x00007ffc7547f000 	C:\Windows\System32\sechost.dll
0x00007ffc76790000 - 0x00007ffc768b0000 	C:\Windows\System32\RPCRT4.dll
0x00007ffc74870000 - 0x00007ffc74897000 	C:\Windows\System32\bcrypt.dll
0x00007ffc75790000 - 0x00007ffc757fb000 	C:\Windows\System32\WS2_32.dll
0x00007ffc73b70000 - 0x00007ffc73bbb000 	C:\Windows\SYSTEM32\POWRPROF.dll
0x00007ffc63aa0000 - 0x00007ffc63ac7000 	C:\Windows\SYSTEM32\WINMM.dll
0x00007ffc63ec0000 - 0x00007ffc63eca000 	C:\Windows\SYSTEM32\VERSION.dll
0x00007ffc739e0000 - 0x00007ffc739f2000 	C:\Windows\SYSTEM32\UMPDC.dll
0x00007ffc72450000 - 0x00007ffc72462000 	C:\Windows\SYSTEM32\kernel.appcore.dll
0x00007ffc6a670000 - 0x00007ffc6a67a000 	C:\Program Files\Java\jdk-25\bin\jimage.dll
0x00007ffc63ad0000 - 0x00007ffc63cd1000 	C:\Windows\SYSTEM32\DBGHELP.DLL
0x00007ffc56520000 - 0x00007ffc56554000 	C:\Windows\SYSTEM32\dbgcore.DLL
0x00007ffc74ee0000 - 0x00007ffc74f62000 	C:\Windows\System32\bcryptPrimitives.dll
0x00007ffc711b0000 - 0x00007ffc711c0000 	C:\Program Files\Java\jdk-25\bin\instrument.dll
0x00007ffc6a650000 - 0x00007ffc6a66f000 	C:\Program Files\Java\jdk-25\bin\java.dll
0x00007ffc75e50000 - 0x00007ffc75f7b000 	C:\Windows\System32\ole32.dll
0x00007ffc75830000 - 0x00007ffc75b84000 	C:\Windows\System32\combase.dll
0x00007ffc76020000 - 0x00007ffc76790000 	C:\Windows\System32\SHELL32.dll
0x00007ffc72650000 - 0x00007ffc72df5000 	C:\Windows\SYSTEM32\windows.storage.dll
0x00007ffc74010000 - 0x00007ffc7403b000 	C:\Windows\SYSTEM32\Wldp.dll
0x00007ffc76c10000 - 0x00007ffc76cdd000 	C:\Windows\System32\OLEAUT32.dll
0x00007ffc76ce0000 - 0x00007ffc76d8d000 	C:\Windows\System32\SHCORE.dll
0x00007ffc75590000 - 0x00007ffc755eb000 	C:\Windows\System32\shlwapi.dll
0x00007ffc74510000 - 0x00007ffc74534000 	C:\Windows\SYSTEM32\profapi.dll
0x00007ffc59d70000 - 0x00007ffc59d87000 	C:\Program Files\Java\jdk-25\bin\zip.dll
0x00007ffc690b0000 - 0x00007ffc690c2000 	C:\Program Files\Java\jdk-25\bin\net.dll
0x00007ffc73d70000 - 0x00007ffc73dda000 	C:\Windows\system32\mswsock.dll
0x00007ffc69080000 - 0x00007ffc69096000 	C:\Program Files\Java\jdk-25\bin\nio.dll
0x00007ffc710b0000 - 0x00007ffc710b9000 	C:\Program Files\Java\jdk-25\bin\extnet.dll
0x00007ffc6a810000 - 0x00007ffc6a81e000 	C:\Program Files\Java\jdk-25\bin\sunmscapi.dll
0x00007ffc74710000 - 0x00007ffc7486d000 	C:\Windows\System32\CRYPT32.dll
0x00007ffc74080000 - 0x00007ffc740a7000 	C:\Windows\SYSTEM32\ncrypt.dll
0x00007ffc74040000 - 0x00007ffc7407b000 	C:\Windows\SYSTEM32\NTASN1.dll
0x00007ffc73f70000 - 0x00007ffc73f88000 	C:\Windows\SYSTEM32\CRYPTSP.dll
0x00007ffc73620000 - 0x00007ffc73658000 	C:\Windows\system32\rsaenh.dll
0x00007ffc74490000 - 0x00007ffc744be000 	C:\Windows\SYSTEM32\USERENV.dll
0x00007ffc73f60000 - 0x00007ffc73f6c000 	C:\Windows\SYSTEM32\CRYPTBASE.dll
0x00007ffc73a00000 - 0x00007ffc73a3b000 	C:\Windows\SYSTEM32\IPHLPAPI.DLL
0x00007ffc75b90000 - 0x00007ffc75b98000 	C:\Windows\System32\NSI.dll
0x00007ffc70360000 - 0x00007ffc7036a000 	C:\Program Files\Java\jdk-25\bin\management.dll
0x00007ffc70350000 - 0x00007ffc7035c000 	C:\Program Files\Java\jdk-25\bin\management_ext.dll
0x00007ffc76c00000 - 0x00007ffc76c08000 	C:\Windows\System32\PSAPI.DLL
0x00007ffc73a50000 - 0x00007ffc73b1a000 	C:\Windows\SYSTEM32\DNSAPI.dll
0x00007ffc649e0000 - 0x00007ffc649ea000 	C:\Windows\System32\rasadhlp.dll
0x00007ffc656a0000 - 0x00007ffc65720000 	C:\Windows\System32\fwpuclnt.dll
0x00007ffc6fbe0000 - 0x00007ffc6fbe7000 	C:\Windows\system32\wshunix.dll

JVMTI agents:
C:\Program Files\JetBrains\IntelliJ IDEA Community Edition 2025.1.7\lib\idea_rt.jar path:C:\Program Files\Java\jdk-25\bin\instrument.dll, loaded, initialized, instrumentlib options:65298

dbghelp: loaded successfully - version: 4.0.5 - missing functions: none
symbol engine: initialized successfully - sym options: 0x614 - pdb path: .;C:\Program Files\Java\jdk-25\bin;C:\Windows\SYSTEM32;C:\Windows\WinSxS\amd64_microsoft.windows.common-controls_6595b64144ccf1df_6.0.19041.6456_none_60b8a6cb71f64256;C:\Program Files\Java\jdk-25\bin\server

VM Arguments:
jvm_args: -javaagent:C:\Program Files\JetBrains\IntelliJ IDEA Community Edition 2025.1.7\lib\idea_rt.jar=65298 -Dfile.encoding=UTF-8 -Dsun.stdout.encoding=UTF-8 -Dsun.stderr.encoding=UTF-8 
java_command: com.naman.spring.taskmanager.TeamTaskManager.backend.TeamTaskManagerApplication
java_class_path (initial): D:\Projects\TeamTaskManager\backend\target\classes;D:\maven-repo\io\jsonwebtoken\jjwt-api\0.11.5\jjwt-api-0.11.5.jar;D:\maven-repo\io\jsonwebtoken\jjwt-impl\0.11.5\jjwt-impl-0.11.5.jar;D:\maven-repo\io\jsonwebtoken\jjwt-jackson\0.11.5\jjwt-jackson-0.11.5.jar;D:\maven-repo\com\fasterxml\jackson\core\jackson-databind\2.21.2\jackson-databind-2.21.2.jar;D:\maven-repo\com\fasterxml\jackson\core\jackson-annotations\2.21\jackson-annotations-2.21.jar;D:\maven-repo\com\fasterxml\jackson\core\jackson-core\2.21.2\jackson-core-2.21.2.jar;D:\maven-repo\org\springframework\boot\spring-boot-starter-data-jpa\3.5.14\spring-boot-starter-data-jpa-3.5.14.jar;D:\maven-repo\org\springframework\boot\spring-boot-starter\3.5.14\spring-boot-starter-3.5.14.jar;D:\maven-repo\org\springframework\boot\spring-boot\3.5.14\spring-boot-3.5.14.jar;D:\maven-repo\org\springframework\boot\spring-boot-autoconfigure\3.5.14\spring-boot-autoconfigure-3.5.14.jar;D:\maven-repo\org\springframework\boot\spring-boot-starter-logging\3.5.14\spring-boot-starter-logging-3.5.14.jar;D:\maven-repo\ch\qos\logback\logback-classic\1.5.32\logback-classic-1.5.32.jar;D:\maven-repo\ch\qos\logback\logback-core\1.5.32\logback-core-1.5.32.jar;D:\maven-repo\org\apache\logging\log4j\log4j-to-slf4j\2.24.3\log4j-to-slf4j-2.24.3.jar;D:\maven-repo\org\apache\logging\log4j\log4j-api\2.24.3\log4j-api-2.24.3.jar;D:\maven-repo\org\slf4j\jul-to-slf4j\2.0.17\jul-to-slf4j-2.0.17.jar;D:\maven-repo\jakarta\annotation\jakarta.annotation-api\2.1.1\jakarta.annotation-api-2.1.1.jar;D:\maven-repo\org\yaml\snakeyaml\2.4\snakeyaml-2.4.jar;D:\maven-repo\org\springframework\boot\spring-boot-starter-jdbc\3.5.14\spring-boot-starter-jdbc-3.5.14.jar;D:\maven-repo\com\zaxxer\HikariCP\6.3.3\HikariCP-6.3.3.jar;D:\maven-repo\org\springframework\spring-jdbc\6.2.18\spring-jdbc-6.2.18.jar;D:\maven-repo\org\hibernate\orm\hibernate-core\6.6.49.Final\hibernate-core-6.6.49.Final.jar;D:\maven-repo\jakarta\persistence\jakarta.persistence-api\3.1.0\jakarta.persistence-api-3.1.0.jar;D:\maven-repo\jakarta\transaction\jakarta.transaction-api\2.0.1\jakarta.transaction-api-2.0.1.jar;D:\maven-repo\org\jboss\logging\jboss-logging\3.6.3.Final\jboss-logging-3.6.3.Final.jar;D:\maven-repo\org\hibernate\common\hibernate-commons-annotations\7.0.3.Final\hibernate-commons-annotations-7.0.3.Final.jar;D:\maven-repo\io\smallrye\jandex\3.2.0\jandex-3.2.0.jar;D:\maven-repo\com\fasterxml\classmate\1.7.3\classmate-1.7.3.jar;D:\maven-repo\net\bytebuddy\byte-buddy\1.17.8\byte-buddy-1.17.8.jar;D:\maven-repo\org\glassfish\jaxb\jaxb-runtime\4.0.6\jaxb-runtime-4.0.6.jar;D:\maven-repo\org\glassfish\jaxb\jaxb-core\4.0.6\jaxb-core-4.0.6.jar;D:\maven-repo\org\eclipse\angus\angus-activation\2.0.3\angus-activation-2.0.3.jar;D:\maven-repo\org\glassfish\jaxb\txw2\4.0.6\txw2-4.0.6.jar;D:\maven-repo\com\sun\istack\istack-commons-runtime\4.1.2\istack-commons-runtime-4.1.2.jar;D:\maven-repo\jakarta\inject\jakarta.inject-api\2.0.1\jakarta.inject-api-2.0.1.jar;D:\maven-repo\org\antlr\antlr4-runtime\4.13.0\antlr4-runtime-4.13.0.jar;D:\maven-repo\org\springframework\data\spring-data-jpa\3.5.11\spring-data-jpa-3.5.11.jar;D:\maven-repo\org\springframework\data\spring-data-commons\3.5.11\spring-data-commons-3.5.11.jar;D:\maven-repo\org\springframework\spring-orm\6.2.18\spring-orm-6.2.18.jar;D:\maven-repo\org\springframework\spring-context\6.2.18\spring-context-6.2.18.jar;D:\maven-repo\org\springframework\spring-tx\6.2.18\spring-tx-6.2.18.jar;D:\maven-repo\org\springframework\spring-beans\6.2.18\spring-beans-6.2.18.jar;D:\maven-repo\org\slf4j\slf4j-api\2.0.17\slf4j-api-2.0.17.jar;D:\maven-repo\org\springframework\spring-aspects\6.2.18\spring-aspects-6.2.18.jar;D:\maven-repo\org\aspectj\aspectjweaver\1.9.25.1\aspectjweaver-1.9.25.1.jar;D:\maven-repo\org\springframework\boot\spring-boot-starter-security\3.5.14\spring-boot-starter-security-3.5.14.jar;D:\maven-repo\org\springframework\spring-aop\6.2.18\spring-aop-6.2.18.jar;D:\maven-repo\org\springframework\security\spring-security-config\6.5.10\spring-security-config-6.5.10.jar;D:\maven-repo\org\springframework\security\spring-security-web\6.5.10\spring-security-web-6.5.10.jar;D:\maven-repo\org\springframework\spring-expression\6.2.18\spring-expression-6.2.18.jar;D:\maven-repo\org\springframework\boot\spring-boot-starter-validation\3.5.14\spring-boot-starter-validation-3.5.14.jar;D:\maven-repo\org\apache\tomcat\embed\tomcat-embed-el\10.1.54\tomcat-embed-el-10.1.54.jar;D:\maven-repo\org\hibernate\validator\hibernate-validator\8.0.3.Final\hibernate-validator-8.0.3.Final.jar;D:\maven-repo\jakarta\validation\jakarta.validation-api\3.0.2\jakarta.validation-api-3.0.2.jar;D:\maven-repo\org\springframework\boot\spring-boot-starter-web\3.5.14\spring-boot-starter-web-3.5.14.jar;D:\maven-repo\org\springframework\boot\spring-boot-starter-json\3.5.14\spring-boot-starter-json-3.5.14.jar;D:\maven-repo\com\fasterxml\jackson\datatype\jackson-datatype-jdk8\2.21.2\jackson-datatype-jdk8-2.21.2.jar;D:\maven-repo\com\fasterxml\jackson\datatype\jackson-datatype-jsr310\2.21.2\jackson-datatype-jsr310-2.21.2.jar;D:\maven-repo\com\fasterxml\jackson\module\jackson-module-parameter-names\2.21.2\jackson-module-parameter-names-2.21.2.jar;D:\maven-repo\org\springframework\boot\spring-boot-starter-tomcat\3.5.14\spring-boot-starter-tomcat-3.5.14.jar;D:\maven-repo\org\apache\tomcat\embed\tomcat-embed-core\10.1.54\tomcat-embed-core-10.1.54.jar;D:\maven-repo\org\apache\tomcat\embed\tomcat-embed-websocket\10.1.54\tomcat-embed-websocket-10.1.54.jar;D:\maven-repo\org\springframework\spring-web\6.2.18\spring-web-6.2.18.jar;D:\maven-repo\io\micrometer\micrometer-observation\1.15.11\micrometer-observation-1.15.11.jar;D:\maven-repo\io\micrometer\micrometer-commons\1.15.11\micrometer-commons-1.15.11.jar;D:\maven-repo\org\springframework\spring-webmvc\6.2.18\spring-webmvc-6.2.18.jar;D:\maven-repo\org\postgresql\postgresql\42.7.10\postgresql-42.7.10.jar;D:\maven-repo\org\checkerframework\checker-qual\3.52.0\checker-qual-3.52.0.jar;D:\maven-repo\org\projectlombok\lombok\1.18.46\lombok-1.18.46.jar;D:\maven-repo\jakarta\xml\bind\jakarta.xml.bind-api\4.0.4\jakarta.xml.bind-api-4.0.4.jar;D:\maven-repo\jakarta\activation\jakarta.activation-api\2.1.4\jakarta.activation-api-2.1.4.jar;D:\maven-repo\org\springframework\spring-core\6.2.18\spring-core-6.2.18.jar;D:\maven-repo\org\springframework\spring-jcl\6.2.18\spring-jcl-6.2.18.jar;D:\maven-repo\org\springframework\security\spring-security-core\6.5.10\spring-security-core-6.5.10.jar;D:\maven-repo\org\springframework\security\spring-security-crypto\6.5.10\spring-security-crypto-6.5.10.jar
Launcher Type: SUN_STANDARD

[Global flags]
     intx CICompilerCount                          = 3                                         {product} {ergonomic}
     uint ConcGCThreads                            = 1                                         {product} {ergonomic}
     uint G1ConcRefinementThreads                  = 4                                         {product} {ergonomic}
   size_t G1HeapRegionSize                         = 1048576                                   {product} {ergonomic}
   size_t InitialHeapSize                          = 125829120                                 {product} {ergonomic}
   size_t MarkStackSize                            = 4194304                                   {product} {ergonomic}
   size_t MarkStackSizeMax                         = 536870912                                 {product} {ergonomic}
   size_t MaxHeapSize                              = 1996488704                                {product} {ergonomic}
   size_t MaxNewSize                               = 1197473792                                {product} {ergonomic}
   size_t MinHeapDeltaBytes                        = 1048576                                   {product} {ergonomic}
   size_t MinHeapSize                              = 8388608                                   {product} {ergonomic}
    uintx NonNMethodCodeHeapSize                   = 5832704                                {pd product} {ergonomic}
    uintx NonProfiledCodeHeapSize                  = 122945536                              {pd product} {ergonomic}
    uintx ProfiledCodeHeapSize                     = 122880000                              {pd product} {ergonomic}
    uintx ReservedCodeCacheSize                    = 251658240                              {pd product} {ergonomic}
     bool SegmentedCodeCache                       = true                                      {product} {ergonomic}
   size_t SoftMaxHeapSize                          = 1996488704                             {manageable} {ergonomic}
     bool UseCompressedOops                        = true                           {product lp64_product} {ergonomic}
     bool UseG1GC                                  = true                                      {product} {ergonomic}
     bool UseLargePagesIndividualAllocation        = false                                  {pd product} {ergonomic}

Logging:
Log output configuration:
 #0: stdout all=warning uptime,level,tags foldmultilines=false
 #1: stderr all=off uptime,level,tags foldmultilines=false

Release file:
IMPLEMENTOR="Oracle Corporation" 
JAVA_RUNTIME_VERSION="25.0.1+8-LTS-27" 
JAVA_VERSION="25.0.1" 
JAVA_VERSION_DATE="2025-10-21" 
LIBC="default" 
MODULES="java.base java.compiler java.datatransfer java.xml java.prefs java.desktop java.instrument java.logging java.management java.security.sasl java.naming java.rmi java.management.rmi java.net.http java.scripting java.security.jgss java.transaction.xa java.sql java.sql.rowset java.xml.crypto java.se java.smartcardio jdk.accessibility jdk.internal.jvmstat jdk.attach jdk.charsets jdk.internal.opt jdk.zipfs jdk.compiler jdk.crypto.cryptoki jdk.crypto.ec jdk.crypto.mscapi jdk.dynalink jdk.internal.ed jdk.editpad jdk.internal.vm.ci jdk.graal.compiler jdk.graal.compiler.management jdk.hotspot.agent jdk.httpserver jdk.incubator.vector jdk.internal.le jdk.internal.md jdk.jartool jdk.javadoc jdk.jcmd jdk.management jdk.management.agent jdk.jconsole jdk.jdeps jdk.jdwp.agent jdk.jdi jdk.jfr jdk.jlink jdk.jpackage jdk.jshell jdk.jsobject jdk.jstatd jdk.localedata jdk.management.jfr jdk.naming.dns jdk.naming.rmi jdk.net jdk.nio.mapmode jdk.sctp jdk.security.auth jdk.security.jgss jdk.unsupported jdk.unsupported.desktop jdk.xml.dom" 
OS_ARCH="x86_64" 
OS_NAME="Windows" 
SOURCE=".:git:862c85bc42b7 open:git:78770bfaefd2" 

Environment Variables:
JAVA_HOME=C:\Users\kk\.jdks\ms-21.0.9
PATH=C:\Program Files\Common Files\Oracle\Java\javapath;C:\oraclexe\app\oracle\product\11.2.0\server\bin;C:\oraclexe\app\oracle\product\11.2.0\server\bin;C:\Windows\system32;C:\Windows;C:\Windows\System32\Wbem;C:\Windows\System32\WindowsPowerShell\v1.0\;C:\Windows\System32\OpenSSH\;C:\MinGW\bin;C:\MinGW\bin;C:\Program Files\nodejs\;C:\php-8.3.22-Win32-vs16-x64;C:\Program Files\Java\jdk-25\bin;C:\Users\kk\AppData\Local\Microsoft\WindowsApps;C:\Users\kk\AppData\Local\Programs\Microsoft VS Code\bin;C:\Users\kk\AppData\Roaming\npm;C:\Program Files\JetBrains\IntelliJ IDEA Community Edition 2025.1.7\bin;;C:\Users\kk\.jdks\ms-21.0.9\bin;
USERNAME=kk
OS=Windows_NT
PROCESSOR_IDENTIFIER=Intel64 Family 6 Model 69 Stepping 1, GenuineIntel
TMP=C:\Users\kk\AppData\Local\Temp
TEMP=C:\Users\kk\AppData\Local\Temp




Compilation memory statistics disabled.

Periodic native trim disabled

---------------  S Y S T E M  ---------------

OS:
 Windows 10 , 64 bit Build 19041 (10.0.19041.5915)
OS uptime: 40 days 2:22 hours

CPU: total 4 (initial active 4) (2 cores per cpu, 2 threads per core) family 6 model 69 stepping 1 microcode 0x25, cx8, cmov, fxsr, ht, mmx, sse, sse2, sse3, ssse3, sse4.1, sse4.2, popcnt, lzcnt, tsc, tscinvbit, avx, avx2, aes, erms, clmul, bmi1, bmi2, fma, vzeroupper, clflush, rdtscp, f16c
Processor Information for the first 4 processors :
  Max Mhz: 2401, Current Mhz: 1700, Mhz Limit: 1680

Memory: 4k page, system-wide physical 7609M (374M free)
TotalPageFile size 12597M (AvailPageFile size 17M)
current process WorkingSet (physical memory assigned to process): 216M, peak: 258M
current process commit charge ("private bytes"): 251M, peak: 299M

vm_info: Java HotSpot(TM) 64-Bit Server VM (25.0.1+8-LTS-27) for windows-amd64 JRE (25.0.1+8-LTS-27), built on 2025-09-25T16:41:16Z with unknown MS VC++:1943

END.
